<application>
  <component name="AppStorage">
    <histories>
      <item value="Exception in thread &quot;main&quot; java.lang.ArrayIndexOutOfBoundsException: 7" />
      <item value="Read timed out" />
      <item value="Correct the classpath of your application so that it contains a single, compatible version of springfox.documentation.spi.service.contexts.RequestMappingContext" />
      <item value="escription: An attempt was made to call the method springfox.documentation.spi.service.contexts.RequestMappingContext.findAnnotation(Ljava/lang/Class;)Lcom/google/common/base/Optional; but it does not exist. Its class, springfox.documentation.spi.service.contexts.RequestMappingContext, is available from the following locations: jar:file:/D:/ProgrammingTools/Apache/localRepository/io/springfox/springfox-spi/2.5.0/springfox-spi-2.5.0.jar!/springfox/documentation/spi/service/contexts/RequestMappingContext.class It was loaded from the following location: file:/D:/ProgrammingTools/Apache/localRepository/io/springfox/springfox-spi/2.5.0/springfox-spi-2.5.0.jar" />
      <item value="WRONGTYPE Operation against a key holding the wrong kind of value" />
      <item value="NOAUTH Authentication required." />
      <item value="Failed connecting to host 112.126.59.112:6379" />
      <item value="connect timed out" />
      <item value="hostname can't be null" />
      <item value="redis.clients.jedis.exceptions.JedisConnectionException: Could not get a resource from the pool at redis.clients.jedis.util.Pool.getResource(Pool.java:59) at redis.clients.jedis.JedisPool.getResource(JedisPool.java:234) at com.xr.SpringbootRedis02ApplicationTests.contextLoads(SpringbootRedis02ApplicationTests.java:20) at sun.reflect.NativeMethodAccessorImpl.invoke0(Native Method) at sun.reflect.NativeMethodAccessorImpl.invoke(NativeMethodAccessorImpl.java:62) at sun.reflect.DelegatingMethodAccessorImpl.invoke(DelegatingMethodAccessorImpl.java:43) at java.lang.reflect.Method.invoke(Method.java:498) at org.junit.platform.commons.util.ReflectionUtils.invokeMethod(ReflectionUtils.java:675) at org.junit.jupiter.engine.execution.MethodInvocation.proceed(MethodInvocation.java:60) at org.junit.jupiter.engine.execution.InvocationInterceptorChain$ValidatingInvocation.proceed(InvocationInterceptorChain.java:125) at org.junit.jupiter.engine.extension.TimeoutExtension.intercept(TimeoutExtension.java:132) at org.junit.jupiter.engine.extension.TimeoutExtension.interceptTestableMethod(TimeoutExtension.java:124) at org.junit.jupiter.engine.extension.TimeoutExtension.interceptTestMethod(TimeoutExtension.java:74) at org.junit.jupiter.engine.execution.ExecutableInvoker$ReflectiveInterceptorCall.lambda$ofVoidMethod$0(ExecutableInvoker.java:115) at org.junit.jupiter.engine.execution.ExecutableInvoker.lambda$invoke$0(ExecutableInvoker.java:105) at org.junit.jupiter.engine.execution.InvocationInterceptorChain$InterceptedInvocation.proceed(InvocationInterceptorChain.java:104) at org.junit.jupiter.engine.execution.InvocationInterceptorChain.proceed(InvocationInterceptorChain.java:62) at org.junit.jupiter.engine.execution.InvocationInterceptorChain.chainAndInvoke(InvocationInterceptorChain.java:43) at org.junit.jupiter.engine.execution.InvocationInterceptorChain.invoke(InvocationInterceptorChain.java:35) at org.junit.jupiter.engine.execution.ExecutableInvoker.invoke(ExecutableInvoker.java:104) at org.junit.jupiter.engine.execution.ExecutableInvoker.invoke(ExecutableInvoker.java:98) at org.junit.jupiter.engine.descriptor.TestMethodTestDescriptor.lambda$invokeTestMethod$6(TestMethodTestDescriptor.java:202) at org.junit.platform.engine.support.hierarchical.ThrowableCollector.execute(ThrowableCollector.java:73) at org.junit.jupiter.engine.descriptor.TestMethodTestDescriptor.invokeTestMethod(TestMethodTestDescriptor.java:198) at org.junit.jupiter.engine.descriptor.TestMethodTestDescriptor.execute(TestMethodTestDescriptor.java:135) at org.junit.jupiter.engine.descriptor.TestMethodTestDescriptor.execute(TestMethodTestDescriptor.java:69) at org.junit.platform.engine.support.hierarchical.NodeTestTask.lambda$executeRecursively$5(NodeTestTask.java:135) at org.junit.platform.engine.support.hierarchical.ThrowableCollector.execute(ThrowableCollector.java:73) at org.junit.platform.engine.support.hierarchical.NodeTestTask.lambda$executeRecursively$7(NodeTestTask.java:125) at org.junit.platform.engine.support.hierarchical.Node.around(Node.java:135) at org.junit.platform.engine.support.hierarchical.NodeTestTask.lambda$executeRecursively$8(NodeTestTask.java:123) at org.junit.platform.engine.support.hierarchical.ThrowableCollector.execute(ThrowableCollector.java:73) at org.junit.platform.engine.support.hierarchical.NodeTestTask.executeRecursively(NodeTestTask.java:122) at org.junit.platform.engine.support.hierarchical.NodeTestTask.execute(NodeTestTask.java:80) at java.util.ArrayList.forEach(ArrayList.java:1259) at org.junit.platform.engine.support.hierarchical.SameThreadHierarchicalTestExecutorService.invokeAll(SameThreadHierarchicalTestExecutorService.java:38) at org.junit.platform.engine.support.hierarchical.NodeTestTask.lambda$executeRecursively$5(NodeTestTask.java:139) at org.junit.platform.engine.support.hierarchical.ThrowableCollector.execute(ThrowableCollector.java:73) at org.junit.platform.engine.support.hierarchical.NodeTestTask.lambda$executeRecursively$7(NodeTestTask.java:125) at org.junit.platform.engine.support.hierarchical.Node.around(Node.java:135) at org.junit.platform.engine.support.hierarchical.NodeTestTask.lambda$executeRecursively$8(NodeTestTask.java:123) at org.junit.platform.engine.support.hierarchical.ThrowableCollector.execute(ThrowableCollector.java:73) at org.junit.platform.engine.support.hierarchical.NodeTestTask.executeRecursively(NodeTestTask.java:122) at org.junit.platform.engine.support.hierarchical.NodeTestTask.execute(NodeTestTask.java:80) at java.util.ArrayList.forEach(ArrayList.java:1259) at org.junit.platform.engine.support.hierarchical.SameThreadHierarchicalTestExecutorService.invokeAll(SameThreadHierarchicalTestExecutorService.java:38) at org.junit.platform.engine.support.hierarchical.NodeTestTask.lambda$executeRecursively$5(NodeTestTask.java:139) at org.junit.platform.engine.support.hierarchical.ThrowableCollector.execute(ThrowableCollector.java:73) at org.junit.platform.engine.support.hierarchical.NodeTestTask.lambda$executeRecursively$7(NodeTestTask.java:125) at org.junit.platform.engine.support.hierarchical.Node.around(Node.java:135) at org.junit.platform.engine.support.hierarchical.NodeTestTask.lambda$executeRecursively$8(NodeTestTask.java:123) at org.junit.platform.engine.support.hierarchical.ThrowableCollector.execute(ThrowableCollector.java:73) at org.junit.platform.engine.support.hierarchical.NodeTestTask.executeRecursively(NodeTestTask.java:122) at org.junit.platform.engine.support.hierarchical.NodeTestTask.execute(NodeTestTask.java:80) at org.junit.platform.engine.support.hierarchical.SameThreadHierarchicalTestExecutorService.submit(SameThreadHierarchicalTestExecutorService.java:32) at org.junit.platform.engine.support.hierarchical.HierarchicalTestExecutor.execute(HierarchicalTestExecutor.java:57) at org.junit.platform.engine.support.hierarchical.HierarchicalTestEngine.execute(HierarchicalTestEngine.java:51) at org.junit.platform.launcher.core.DefaultLauncher.execute(DefaultLauncher.java:229) at org.junit.platform.launcher.core.DefaultLauncher.lambda$execute$6(DefaultLauncher.java:197) at org.junit.platform.launcher.core.DefaultLauncher.withInterceptedStreams(DefaultLauncher.java:211) at org.junit.platform.launcher.core.DefaultLauncher.execute(DefaultLauncher.java:191) at org.junit.platform.launcher.core.DefaultLauncher.execute(DefaultLauncher.java:128) at com.intellij.junit5.JUnit5IdeaTestRunner.startRunnerWithArgs(JUnit5IdeaTestRunner.java:69) at com.intellij.rt.junit.IdeaTestRunner$Repeater.startRunnerWithArgs(IdeaTestRunner.java:33) at com.intellij.rt.junit.JUnitStarter.prepareStreamsAndStart(JUnitStarter.java:230) at com.intellij.rt.junit.JUnitStarter.main(JUnitStarter.java:58) Caused by: java.lang.IllegalArgumentException: hostname can't be null at java.net.InetSocketAddress.checkHost(InetSocketAddress.java:149) at java.net.InetSocketAddress.&lt;init&gt;(InetSocketAddress.java:216) at redis.clients.jedis.Connection.connect(Connection.java:181) at redis.clients.jedis.BinaryClient.connect(BinaryClient.java:100) at redis.clients.jedis.BinaryJedis.connect(BinaryJedis.java:1866) at redis.clients.jedis.JedisFactory.makeObject(JedisFactory.java:117) at org.apache.commons.pool2.impl.GenericObjectPool.create(GenericObjectPool.java:889) at org.apache.commons.pool2.impl.GenericObjectPool.borrowObject(GenericObjectPool.java:424) at org.apache.commons.pool2.impl.GenericObjectPool.borrowObject(GenericObjectPool.java:349) at redis.clients.jedis.util.Pool.getResource(Pool.java:50) ... 65 more" />
      <item value="redis.clients.jedis.exceptions.JedisConnectionException: Could not get a resource from the pool" />
      <item value="java.lang.NullPointerException at test.TestPing.testJedis1(TestPing.java:21) at sun.reflect.NativeMethodAccessorImpl.invoke0(Native Method) at sun.reflect.NativeMethodAccessorImpl.invoke(NativeMethodAccessorImpl.java:62) at sun.reflect.DelegatingMethodAccessorImpl.invoke(DelegatingMethodAccessorImpl.java:43) at java.lang.reflect.Method.invoke(Method.java:498) at org.junit.runners.model.FrameworkMethod$1.runReflectiveCall(FrameworkMethod.java:50) at org.junit.internal.runners.model.ReflectiveCallable.run(ReflectiveCallable.java:12) at org.junit.runners.model.FrameworkMethod.invokeExplosively(FrameworkMethod.java:47) at org.junit.internal.runners.statements.InvokeMethod.evaluate(InvokeMethod.java:17) at org.junit.runners.ParentRunner.runLeaf(ParentRunner.java:325) at org.junit.runners.BlockJUnit4ClassRunner.runChild(BlockJUnit4ClassRunner.java:78) at org.junit.runners.BlockJUnit4ClassRunner.runChild(BlockJUnit4ClassRunner.java:57) at org.junit.runners.ParentRunner$3.run(ParentRunner.java:290) at org.junit.runners.ParentRunner$1.schedule(ParentRunner.java:71) at org.junit.runners.ParentRunner.runChildren(ParentRunner.java:288) at org.junit.runners.ParentRunner.access$000(ParentRunner.java:58) at org.junit.runners.ParentRunner$2.evaluate(ParentRunner.java:268) at org.junit.runners.ParentRunner.run(ParentRunner.java:363) at org.junit.runner.JUnitCore.run(JUnitCore.java:137) at com.intellij.junit4.JUnit4IdeaTestRunner.startRunnerWithArgs(JUnit4IdeaTestRunner.java:68) at com.intellij.rt.junit.IdeaTestRunner$Repeater.startRunnerWithArgs(IdeaTestRunner.java:33) at com.intellij.rt.junit.JUnitStarter.prepareStreamsAndStart(JUnitStarter.java:230) at com.intellij.rt.junit.JUnitStarter.main(JUnitStarter.java:58)" />
      <item value="Unable to find a @SpringBootConfiguration, you need to use @ContextConfiguration or @SpringBootTest(classes=...) with your test" />
      <item value="Communications link failure" />
      <item value="Identify and stop the process that's listening on port 8001 or configure this application to listen on another port." />
      <item value="Web server failed to start. Port 8001 was already in use." />
      <item value="org.springframework.beans.factory.UnsatisfiedDependencyException: Error creating bean with name 'paymentController' defined in file [E:\code\java\Spring_cloud\Cloud-provider-payment8001\target\classes\com\atguigu\springcloud\controller\PaymentController.class]: Unsatisfied dependency expressed through constructor parameter 0; nested exception is org.springframework.beans.factory.UnsatisfiedDependencyException: Error creating bean with name 'paymentServiceImpl' defined in file [E:\code\java\Spring_cloud\Cloud-provider-payment8001\target\classes\com\atguigu\springcloud\service\impl\PaymentServiceImpl.class]: Unsatisfied dependency expressed through constructor parameter 0; nested exception is org.springframework.beans.factory.UnsatisfiedDependencyException: Error creating bean with name 'paymentMapper' defined in file [E:\code\java\Spring_cloud\Cloud-provider-payment8001\target\classes\com\atguigu\springcloud\dao\PaymentMapper.class]: Unsatisfied dependency expressed through bean property 'sqlSessionFactory'; nested exception is org.springframework.beans.factory.BeanCreationException: Error creating bean with name 'sqlSessionFactory' defined in class path resource [org/mybatis/spring/boot/autoconfigure/MybatisAutoConfiguration.class]: Bean instantiation via factory method failed; nested exception is org.springframework.beans.BeanInstantiationException: Failed to instantiate [org.apache.ibatis.session.SqlSessionFactory]: Factory method 'sqlSessionFactory' threw exception; nested exception is org.springframework.core.NestedIOException: Failed to parse mapping resource: 'file [E:\code\java\Spring_cloud\Cloud-provider-payment8001\target\classes\mapper\PaymentMapper.xml]'; nested exception is org.apache.ibatis.builder.BuilderException: Error parsing Mapper XML. The XML location is 'file [E:\code\java\Spring_cloud\Cloud-provider-payment8001\target\classes\mapper\PaymentMapper.xml]'. Cause: org.apache.ibatis.builder.BuilderException: Error resolving class. Cause: org.apache.ibatis.type.TypeException: Could not resolve type alias 'com.atguigu.springcloud.entity.Payment'. Cause: java.lang.ClassNotFoundException: Cannot find class: com.atguigu.springcloud.entity.Payment" />
      <item value="Application run failed" />
      <item value="Cannot find class: com.xr.springcloud.entity.Payment" />
      <item value="Request method 'POST' not supported]" />
      <item value="org.springframework.web.client.HttpClientErrorException$NotFound: 404 :" />
      <item value="Consider the following: If you want an embedded database (H2, HSQL or Derby), please put it on the classpath. If you have database settings to be loaded from a particular profile you may need to activate it (no profiles are currently active)." />
      <item value="Failed to configure a DataSource: 'url' attribute is not specified and no embedded datasource could be configured." />
      <item value="Loading class `com.mysql.jdbc.Driver'. This is deprecated. The new driver class is `com.mysql.cj.jdbc.Driver'. The driver is automatically registered via the SPI and manual loading of the driver class is generally unnecessary." />
      <item value="You must configure either the server or JDBC driver (via the 'serverTimezone' configuration property) to use a more specifc time zone value if you want to utilize time zone support." />
      <item value="is unrecognized or represents more than one time zone." />
      <item value="java.sql.SQLException: The server time zone value '�й���׼ʱ��' is unrecognized or represents more than one time zone. You must configure either the server or JDBC driver (via the 'serverTimezone' configuration property) to use a more specifc time zone value if you want to utilize time zone support." />
      <item value="Access denied for user ''@'localhost' (using password: YES)" />
      <item value="connect error, url jdbc://mysql://localhost:3306/mybatis_2020, driverClass com.mysql.jdbc.Driver" />
      <item value="Payment" />
      <item value="main&quot; org.apache.cxf.interceptor.Fault: Could not start Jetty server on port 9,090: Failed to bind to localhost/127.0.0.1:9090" />
      <item value="[main] INFO org.apache.cxf.wsdl.service.factory.ReflectionServiceFactoryBean - Creating Service {http://service.Lessons.xr.com/}BookServiceService from class com.xr.Lessons.service.BookService Process finished with exit code 0" />
      <item value="Exception in thread &quot;main&quot; java.lang.IllegalArgumentException: com.xr.Lessons.service.impl.BookServiceImpl is not an interface" />
      <item value="Could not send Message." />
      <item value="org.apache.cxf.interceptor.Fault: Could not send Message." />
      <item value="Exception in thread &quot;main&quot; java.lang.ClassCastException: org.apache.cxf.endpoint.ServerImpl cannot be cast to com.xr.Lessons.service.BookService" />
      <item value="org.apache.cxf.wsdl.service.factory.ReflectionServiceFactoryBean buildServiceFromClass" />
      <item value="Invalid bound statement (not found): com.xr.mapper.EmployeesMapper.find" />
      <item value="Field 'creat_id' doesn't have a default value; nested exception is java.sql.SQLException: Field 'creat_id' doesn't have a default value] with root cause" />
      <item value="Field 'parent_dept_id' doesn't have a default value" />
      <item value="Parameter 'getUserId' not found. Available parameters are [arg1, arg0, param1, param2]" />
      <item value="sun.rmi.transport.tcp : RMI TCP Accept-0: accept loop for ServerSocket[addr=0.0.0.0/0.0.0.0,localport=52839] throws" />
      <item value="There is no setter for property named 'jobName' in 'class com.xr.model.SysDept'" />
      <item value="Cause: com.mysql.jdbc.exceptions.jdbc4.MySQLIntegrityConstraintViolationException: Column 'status' in where clause is ambiguous ; SQL []; Column 'status' in where clause is ambiguous; nested exception is com.mysql.jdbc.exceptions.jdbc4.MySQLIntegrityConstraintViolationException: Column 'status' in where clause is ambiguous] with root cause" />
      <item value="java.lang.Long cannot be cast to java.lang.String" />
      <item value="2020-06-28 17:01:56.301 ERROR 29292 --- [p-nio-80-exec-1] o.a.c.c.C.[.[.[.[dispatcherServlet] : Servlet.service() for servlet [dispatcherServlet] in context with path [/tabac] threw exception [Request processing failed; nested exception is java.lang.NullPointerException] with root cause" />
      <item value="Servlet.service() for servlet [dispatcherServlet] in context with path [/tabac] threw exception [Request processing failed; nested exception is java.lang.NullPointerException] with root caus" />
      <item value="┌─────┐ | sysLogController defined in file [E:\code\java\government\tabac\target\classes\com\xr\controller\SysLogController.class] ↑ ↓ | controllerAspect (field private com.xr.controller.SysLogController com.xr.log.ControllerAspect.sysLogController) └─────┘" />
      <item value="2020-06-28 15:59:09.147 WARN 4996 --- [ restartedMain] ationConfigEmbeddedWebApplicationContext : Exception encountered during context initialization - cancelling refresh attempt: org.springframework.beans.factory.UnsatisfiedDependencyException: Error creating bean with name 'sysLogController' defined in file [E:\code\java\government\tabac\target\classes\com\xr\controller\SysLogController.class]: Unsatisfied dependency expressed through constructor parameter 1; nested exception is org.springframework.beans.factory.UnsatisfiedDependencyException: Error creating bean with name 'controllerAspect': Unsatisfied dependency expressed through field 'sysLogController'; nested exception is org.springframework.beans.factory.BeanCurrentlyInCreationException: Error creating bean with name 'sysLogController': Requested bean is currently in creation: Is there an unresolvable circular reference?" />
      <item value="java.lang.ClassCastException: java.lang.Long cannot be cast to java.lang.Integer" />
    </histories>
    <option name="languageScores">
      <map>
        <entry key="CHINESE" value="86" />
        <entry key="ENGLISH" value="88" />
      </map>
    </option>
  </component>
</application>